2018-06-11 08:46:46,503 - Using logger class org.apache.velocity.runtime.log.Log4JLogChute
2018-06-11 08:46:46,512 - ResourceLoader instantiated: org.apache.velocity.runtime.resource.loader.FileResourceLoader
2018-06-11 08:46:46,515 - Do unicode file recognition:  false
2018-06-11 08:46:46,515 - FileResourceLoader : adding path 'D:/ideaworkspace/test/test-common/target/classes/template/'
2018-06-11 08:46:46,529 - ResourceCache: initialized (class org.apache.velocity.runtime.resource.ResourceCacheImpl) with class java.util.Collections$SynchronizedMap cache map.
2018-06-11 08:46:46,532 - Loaded System Directive: org.apache.velocity.runtime.directive.Stop
2018-06-11 08:46:46,533 - Loaded System Directive: org.apache.velocity.runtime.directive.Define
2018-06-11 08:46:46,534 - Loaded System Directive: org.apache.velocity.runtime.directive.Break
2018-06-11 08:46:46,536 - Loaded System Directive: org.apache.velocity.runtime.directive.Evaluate
2018-06-11 08:46:46,537 - Loaded System Directive: org.apache.velocity.runtime.directive.Literal
2018-06-11 08:46:46,538 - Loaded System Directive: org.apache.velocity.runtime.directive.Macro
2018-06-11 08:46:46,540 - Loaded System Directive: org.apache.velocity.runtime.directive.Parse
2018-06-11 08:46:46,542 - Loaded System Directive: org.apache.velocity.runtime.directive.Include
2018-06-11 08:46:46,543 - Loaded System Directive: org.apache.velocity.runtime.directive.Foreach
2018-06-11 08:46:46,604 - Created '20' parsers.
2018-06-11 08:46:46,612 - Velocimacro : "velocimacro.library" is not set.  Trying default library: VM_global_library.vm
2018-06-11 08:46:46,613 - Velocimacro : Default library not found.
2018-06-11 08:46:46,613 - Velocimacro : allowInline = true : VMs can be defined inline in templates
2018-06-11 08:46:46,613 - Velocimacro : allowInlineToOverride = false : VMs defined inline may NOT replace previous VM definitions
2018-06-11 08:46:46,613 - Velocimacro : allowInlineLocal = false : VMs defined inline will be global in scope if allowed.
2018-06-11 08:46:46,613 - Velocimacro : autoload off : VM system will not automatically reload global library macros
2018-06-11 08:46:46,638 - ResourceManager : found generatorConfig.vm with loader org.apache.velocity.runtime.resource.loader.FileResourceLoader
2018-06-11 08:46:46,644 - Null reference [template 'generatorConfig.vm', line 49, column 38] : ${generator.jdbc.driver} cannot be resolved.
2018-06-11 08:46:46,644 - Null reference [template 'generatorConfig.vm', line 50, column 40] : ${generator.jdbc.url} cannot be resolved.
2018-06-11 08:46:46,645 - Null reference [template 'generatorConfig.vm', line 51, column 33] : ${generator.jdbc.username} cannot be resolved.
2018-06-11 08:46:47,228 - ResourceManager : found Service.vm with loader org.apache.velocity.runtime.resource.loader.FileResourceLoader
2018-06-11 08:46:47,233 - ResourceManager : found ServiceMock.vm with loader org.apache.velocity.runtime.resource.loader.FileResourceLoader
2018-06-11 08:46:47,243 - ResourceManager : found ServiceImpl.vm with loader org.apache.velocity.runtime.resource.loader.FileResourceLoader
